<?xml version="1.0" encoding="UTF-8"?>
<!-- Generated by org.testng.reporters.JUnitReportReporter -->
<testsuite skipped="0" hostname="DESKTOP-A0E5A8F" name="com.project11.TestngAnnotations" tests="1" failures="0" timestamp="2019-09-04T06:42:00 PDT" time="0.075" errors="0">
  <testcase name="Firsttest" time="0.075" classname="com.project11.TestngAnnotations"/>
</testsuite> <!-- com.project11.TestngAnnotations -->
